2023-11-13 14:03:09,793 [INFO] Activator:176 - 


2023-11-13 14:03:09,797 [INFO] Activator:177 - !SESSION log4j initialized
2023-11-13 14:03:13,647 [INFO] LogOutputStream:77 - [STDOUT_REDIRECT] 
2023-11-13 14:03:20,122 [INFO] ApplicationProperties:184 - Using Application install path: C:\ST\STM32CubeIDE_1.13.1\STM32CubeIDE\plugins\com.st.stm32cube.common.mx_6.9.2.202309101412
2023-11-13 14:03:20,135 [INFO] DbMcusXml:78 - Set database path to: C:\ST\STM32CubeIDE_1.13.1\STM32CubeIDE\plugins\com.st.stm32cube.common.mx_6.9.2.202309101412\\db\/mcu/
2023-11-13 14:03:20,135 [INFO] ApiDb:274 - Set plugin database path to: C:\ST\STM32CubeIDE_1.13.1\STM32CubeIDE\plugins\com.st.stm32cube.common.mx_6.9.2.202309101412\\db\/plugins/boardmanager/
2023-11-13 14:03:20,135 [WARN] ApiDb:259 - Overriding images path with different value:  => C:\ST\STM32CubeIDE_1.13.1\STM32CubeIDE\plugins\com.st.stm32cube.common.mx_6.9.2.202309101412\\db\/plugins/mcufinder/images/
2023-11-13 14:03:20,143 [INFO] ApiDb:250 - Set database path to: C:\Users\Compumax\.stmcufinder\plugins\mcufinder//mcu/
2023-11-13 14:03:20,143 [INFO] DbMcusAds:125 - Set database path to: C:\Users\Compumax\.stmcufinder\plugins\mcufinder//mcu/
2023-11-13 14:03:20,145 [INFO] CrossReferenceDbSqlite:203 - Set database path to: C:\Users\Compumax\.stmcufinder\plugins\mcufinder//mcu/cs/
2023-11-13 14:03:20,224 [INFO] RulesReader:64 - Compatibility file has been processed (293 Rules)
2023-11-13 14:03:20,285 [INFO] DbMcusXml:78 - Set database path to: C:\ST\STM32CubeIDE_1.13.1\STM32CubeIDE\plugins\com.st.stm32cube.common.mx_6.9.2.202309101412\\db\/mcu/
2023-11-13 14:03:20,285 [INFO] ApiDb:274 - Set plugin database path to: C:\ST\STM32CubeIDE_1.13.1\STM32CubeIDE\plugins\com.st.stm32cube.common.mx_6.9.2.202309101412\\db\/plugins/boardmanager/
2023-11-13 14:03:20,285 [INFO] ApiDb:261 - Set plugin images path to: C:\ST\STM32CubeIDE_1.13.1\STM32CubeIDE\plugins\com.st.stm32cube.common.mx_6.9.2.202309101412\\db\/plugins/mcufinder/images/
2023-11-13 14:03:20,285 [WARN] DbFile:41 - Overriding database path with different value: C:\Users\Compumax\.stmcufinder\plugins\mcufinder/ => C:\Users\Compumax\.stmcufinder\plugins\mcufinder
2023-11-13 14:03:20,285 [INFO] ApiDb:250 - Set database path to: C:\Users\Compumax\.stmcufinder\plugins\mcufinder//mcu/
2023-11-13 14:03:20,285 [WARN] DbFile:41 - Overriding database path with different value: C:\Users\Compumax\.stmcufinder\plugins\mcufinder/ => C:\Users\Compumax\.stmcufinder\plugins\mcufinder
2023-11-13 14:03:20,285 [INFO] DbMcusAds:125 - Set database path to: C:\Users\Compumax\.stmcufinder\plugins\mcufinder//mcu/
2023-11-13 14:03:20,285 [WARN] DbFile:41 - Overriding database path with different value: C:\Users\Compumax\.stmcufinder\plugins\mcufinder/ => C:\Users\Compumax\.stmcufinder\plugins\mcufinder
2023-11-13 14:03:20,286 [WARN] DbFile:41 - Overriding database path with different value: C:\Users\Compumax\.stmcufinder\plugins\mcufinder/ => C:\Users\Compumax\.stmcufinder\plugins\mcufinder
2023-11-13 14:03:20,286 [INFO] CrossReferenceDbSqlite:203 - Set database path to: C:\Users\Compumax\.stmcufinder\plugins\mcufinder//mcu/cs/
2023-11-13 14:03:20,347 [INFO] MainPanel:262 - HeapMemory: 268435456
2023-11-13 14:03:20,434 [INFO] DbMcusXml:78 - Set database path to: C:\ST\STM32CubeIDE_1.13.1\STM32CubeIDE\plugins\com.st.stm32cube.common.mx_6.9.2.202309101412\\db\/mcu/
2023-11-13 14:03:20,434 [INFO] ApiDb:274 - Set plugin database path to: C:\ST\STM32CubeIDE_1.13.1\STM32CubeIDE\plugins\com.st.stm32cube.common.mx_6.9.2.202309101412\\db\/plugins/boardmanager/
2023-11-13 14:03:20,434 [INFO] ApiDb:261 - Set plugin images path to: C:\ST\STM32CubeIDE_1.13.1\STM32CubeIDE\plugins\com.st.stm32cube.common.mx_6.9.2.202309101412\\db\/plugins/mcufinder/images/
2023-11-13 14:03:20,434 [WARN] DbFile:41 - Overriding database path with different value: C:\Users\Compumax\.stmcufinder\plugins\mcufinder/ => C:\Users\Compumax\.stmcufinder\plugins\mcufinder
2023-11-13 14:03:20,434 [INFO] ApiDb:250 - Set database path to: C:\Users\Compumax\.stmcufinder\plugins\mcufinder//mcu/
2023-11-13 14:03:20,434 [WARN] DbFile:41 - Overriding database path with different value: C:\Users\Compumax\.stmcufinder\plugins\mcufinder/ => C:\Users\Compumax\.stmcufinder\plugins\mcufinder
2023-11-13 14:03:20,434 [INFO] DbMcusAds:125 - Set database path to: C:\Users\Compumax\.stmcufinder\plugins\mcufinder//mcu/
2023-11-13 14:03:20,434 [WARN] DbFile:41 - Overriding database path with different value: C:\Users\Compumax\.stmcufinder\plugins\mcufinder/ => C:\Users\Compumax\.stmcufinder\plugins\mcufinder
2023-11-13 14:03:20,434 [WARN] DbFile:41 - Overriding database path with different value: C:\Users\Compumax\.stmcufinder\plugins\mcufinder/ => C:\Users\Compumax\.stmcufinder\plugins\mcufinder
2023-11-13 14:03:20,435 [INFO] CrossReferenceDbSqlite:203 - Set database path to: C:\Users\Compumax\.stmcufinder\plugins\mcufinder//mcu/cs/
2023-11-13 14:03:20,450 [INFO] ApplicationProperties:184 - Using Application install path: C:\ST\STM32CubeIDE_1.13.1\STM32CubeIDE\plugins\com.st.stm32cube.common.mx_6.9.2.202309101412
2023-11-13 14:03:20,450 [INFO] PluginManage:196 - Search for loadable plugins [exclusion list=, ]
2023-11-13 14:03:20,451 [INFO] PluginManage:310 - Check plugin analytics
2023-11-13 14:03:25,114 [INFO] AnalyticsPlugin:253 - Accepted Software Licenses: 
2023-11-13 14:03:25,114 [INFO] AnalyticsPlugin:255 - Accepted CMSIS Pack Licenses: 
2023-11-13 14:03:25,115 [INFO] AnalyticsPlugin:257 - Accepted Firmware Licenses: FW.F4.1.27.0
2023-11-13 14:03:25,116 [INFO] PluginManage:359 - Loaded plugin analytics (category:tool,tabindex:-1)
2023-11-13 14:03:25,116 [INFO] PluginManage:310 - Check plugin cadmodel
2023-11-13 14:03:25,129 [INFO] CADModel:105 - Init CAD model plugin
2023-11-13 14:03:25,129 [INFO] PluginManage:359 - Loaded plugin cadmodel (category:power,tabindex:5)
2023-11-13 14:03:25,129 [INFO] PluginManage:310 - Check plugin clock
2023-11-13 14:03:25,144 [INFO] PluginManage:359 - Loaded plugin clock (category:base,tabindex:2)
2023-11-13 14:03:25,145 [INFO] PluginManage:310 - Check plugin ddr
2023-11-13 14:03:25,147 [INFO] PluginManage:359 - Loaded plugin ddr (category:tool,tabindex:6)
2023-11-13 14:03:25,147 [INFO] PluginManage:310 - Check plugin filemanager
2023-11-13 14:03:25,240 [INFO] PluginManage:359 - Loaded plugin filemanager (category:base,tabindex:10)
2023-11-13 14:03:25,240 [INFO] PluginManage:310 - Check plugin ipmanager
2023-11-13 14:03:25,246 [INFO] PluginManage:359 - Loaded plugin ipmanager (category:base,tabindex:5)
2023-11-13 14:03:25,246 [INFO] PluginManage:310 - Check plugin lpbam
2023-11-13 14:03:25,258 [INFO] PluginManage:359 - Loaded plugin lpbam (category:base,tabindex:0)
2023-11-13 14:03:25,258 [INFO] PluginManage:310 - Check plugin memorymap
2023-11-13 14:03:25,276 [INFO] PluginManage:359 - Loaded plugin memorymap (category:base,tabindex:4)
2023-11-13 14:03:25,276 [INFO] PluginManage:310 - Check plugin pinoutandconfiguration
2023-11-13 14:03:25,289 [INFO] PluginManage:359 - Loaded plugin pinoutandconfiguration (category:base,tabindex:1)
2023-11-13 14:03:25,289 [INFO] PluginManage:310 - Check plugin pinoutconfig
2023-11-13 14:03:25,357 [WARN] SupportedApi:132 - Cannot load RTOS API schema: s4s-elt-must-match.1: The content of 'definitions' must match (annotation?, (simpleType | complexType)?, (unique | key | keyref)*)). A problem was found starting at: attribute.
2023-11-13 14:03:25,446 [INFO] PluginManage:359 - Loaded plugin pinoutconfig (category:base,tabindex:0)
2023-11-13 14:03:25,446 [INFO] PluginManage:310 - Check plugin power
2023-11-13 14:03:25,463 [INFO] PluginManage:359 - Loaded plugin power (category:power,tabindex:4)
2023-11-13 14:03:25,464 [INFO] PluginManage:310 - Check plugin projectmanager
2023-11-13 14:03:25,474 [INFO] PluginManage:359 - Loaded plugin projectmanager (category:projectmanager,tabindex:3)
2023-11-13 14:03:25,474 [INFO] PluginManage:310 - Check plugin thirdparty
2023-11-13 14:03:25,686 [INFO] PluginManage:359 - Loaded plugin thirdparty (category:base,tabindex:-1)
2023-11-13 14:03:25,686 [WARN] IntegrityCheckThread:84 - waiting for thirdparty lock release [integrity check]
2023-11-13 14:03:25,686 [INFO] PluginManage:310 - Check plugin tools
2023-11-13 14:03:25,686 [INFO] IntegrityCheckThread:86 - entering critical section [integrity check]
2023-11-13 14:03:25,686 [INFO] ThirdPartyUpdaterWithRetryManager:70 - Updater plugin not ready yet. [1/15]
2023-11-13 14:03:25,713 [INFO] PluginManage:359 - Loaded plugin tools (category:base,tabindex:7)
2023-11-13 14:03:25,713 [INFO] PluginManage:310 - Check plugin tutovideos
2023-11-13 14:03:25,871 [INFO] PluginManage:359 - Loaded plugin tutovideos (category:base,tabindex:-1)
2023-11-13 14:03:25,871 [INFO] PluginManage:310 - Check plugin updater
2023-11-13 14:03:25,883 [INFO] PluginManage:359 - Loaded plugin updater (category:base,tabindex:12)
2023-11-13 14:03:25,883 [INFO] PluginManage:310 - Check plugin userauth
2023-11-13 14:03:25,888 [INFO] UserAuth:113 - Init User Auth plugin
2023-11-13 14:03:25,888 [INFO] PluginManage:359 - Loaded plugin userauth (category:base,tabindex:14)
2023-11-13 14:03:25,888 [INFO] PluginManage:283 - PluginManage : Loaded plugins [17]
2023-11-13 14:03:26,067 [INFO] PinOutPanel:1499 - setPackage(No Configuration,No Configuration)
2023-11-13 14:03:26,144 [INFO] CADModel:165 - CPN selected for project level
2023-11-13 14:03:26,144 [INFO] CADModel:114 - Register for checkConnection events
2023-11-13 14:03:26,165 [INFO] IPUIPlugin:80 - create IPUIPlugin
2023-11-13 14:03:26,165 [INFO] PluginManager:220 - loadIPPluginJar : add adc
2023-11-13 14:03:26,191 [INFO] IPUIPlugin:80 - create IPUIPlugin
2023-11-13 14:03:26,192 [INFO] PluginManager:220 - loadIPPluginJar : add aes
2023-11-13 14:03:26,220 [INFO] IPUIPlugin:80 - create IPUIPlugin
2023-11-13 14:03:26,220 [INFO] PluginManager:220 - loadIPPluginJar : add can
2023-11-13 14:03:26,236 [INFO] IPUIPlugin:80 - create IPUIPlugin
2023-11-13 14:03:26,236 [INFO] PluginManager:220 - loadIPPluginJar : add comp
2023-11-13 14:03:26,259 [INFO] IPUIPlugin:80 - create IPUIPlugin
2023-11-13 14:03:26,260 [INFO] PluginManager:220 - loadIPPluginJar : add cryp
2023-11-13 14:03:26,280 [INFO] IPUIPlugin:80 - create IPUIPlugin
2023-11-13 14:03:26,280 [INFO] PluginManager:220 - loadIPPluginJar : add dfsdm
2023-11-13 14:03:26,290 [INFO] IPUIPlugin:80 - create IPUIPlugin
2023-11-13 14:03:26,290 [INFO] PluginManager:220 - loadIPPluginJar : add dma
2023-11-13 14:03:26,319 [INFO] IPUIPlugin:80 - create IPUIPlugin
2023-11-13 14:03:26,319 [INFO] PluginManager:220 - loadIPPluginJar : add dma3
2023-11-13 14:03:26,334 [INFO] IPUIPlugin:80 - create IPUIPlugin
2023-11-13 14:03:26,334 [INFO] PluginManager:220 - loadIPPluginJar : add fatfs
2023-11-13 14:03:26,366 [INFO] IPUIPlugin:80 - create IPUIPlugin
2023-11-13 14:03:26,366 [INFO] PluginManager:220 - loadIPPluginJar : add fmc
2023-11-13 14:03:26,377 [INFO] IPUIPlugin:80 - create IPUIPlugin
2023-11-13 14:03:26,377 [INFO] PluginManager:220 - loadIPPluginJar : add freertos
2023-11-13 14:03:26,392 [INFO] IPUIPlugin:80 - create IPUIPlugin
2023-11-13 14:03:26,393 [INFO] PluginManager:220 - loadIPPluginJar : add genericplugin
2023-11-13 14:03:26,455 [INFO] IPUIPlugin:80 - create IPUIPlugin
2023-11-13 14:03:26,455 [INFO] PluginManager:220 - loadIPPluginJar : add gfxmmu
2023-11-13 14:03:26,542 [INFO] IPUIPlugin:80 - create IPUIPlugin
2023-11-13 14:03:26,542 [INFO] PluginManager:220 - loadIPPluginJar : add gic
2023-11-13 14:03:26,552 [INFO] IPUIPlugin:80 - create IPUIPlugin
2023-11-13 14:03:26,552 [INFO] PluginManager:220 - loadIPPluginJar : add gpio
2023-11-13 14:03:26,616 [INFO] IPUIPlugin:80 - create IPUIPlugin
2023-11-13 14:03:26,617 [INFO] PluginManager:220 - loadIPPluginJar : add gtzc
2023-11-13 14:03:26,639 [INFO] IPUIPlugin:80 - create IPUIPlugin
2023-11-13 14:03:26,639 [INFO] PluginManager:220 - loadIPPluginJar : add hash
2023-11-13 14:03:26,677 [INFO] IPUIPlugin:80 - create IPUIPlugin
2023-11-13 14:03:26,677 [INFO] PluginManager:220 - loadIPPluginJar : add i2c
2023-11-13 14:03:26,705 [INFO] IPUIPlugin:80 - create IPUIPlugin
2023-11-13 14:03:26,706 [INFO] PluginManager:220 - loadIPPluginJar : add i2s
2023-11-13 14:03:26,735 [INFO] IPUIPlugin:80 - create IPUIPlugin
2023-11-13 14:03:26,735 [INFO] PluginManager:220 - loadIPPluginJar : add i3c
2023-11-13 14:03:26,812 [INFO] IPUIPlugin:80 - create IPUIPlugin
2023-11-13 14:03:26,812 [INFO] PluginManager:220 - loadIPPluginJar : add ipddr
2023-11-13 14:03:26,879 [INFO] IPUIPlugin:80 - create IPUIPlugin
2023-11-13 14:03:26,879 [INFO] PluginManager:220 - loadIPPluginJar : add linkedlist
2023-11-13 14:03:26,904 [INFO] IPUIPlugin:80 - create IPUIPlugin
2023-11-13 14:03:26,904 [INFO] PluginManager:220 - loadIPPluginJar : add lorawan
2023-11-13 14:03:26,931 [INFO] IPUIPlugin:80 - create IPUIPlugin
2023-11-13 14:03:26,931 [INFO] PluginManager:220 - loadIPPluginJar : add ltdc
2023-11-13 14:03:26,942 [INFO] IPUIPlugin:80 - create IPUIPlugin
2023-11-13 14:03:26,942 [INFO] PluginManager:220 - loadIPPluginJar : add mdma
2023-11-13 14:03:26,951 [INFO] IPUIPlugin:80 - create IPUIPlugin
2023-11-13 14:03:26,951 [INFO] PluginManager:220 - loadIPPluginJar : add nvic
2023-11-13 14:03:26,977 [INFO] IPUIPlugin:80 - create IPUIPlugin
2023-11-13 14:03:26,977 [INFO] PluginManager:220 - loadIPPluginJar : add opamp
2023-11-13 14:03:27,018 [INFO] IPUIPlugin:80 - create IPUIPlugin
2023-11-13 14:03:27,018 [INFO] PluginManager:220 - loadIPPluginJar : add openamp
2023-11-13 14:03:27,049 [INFO] IPUIPlugin:80 - create IPUIPlugin
2023-11-13 14:03:27,049 [INFO] PluginManager:220 - loadIPPluginJar : add pdm2pcm
2023-11-13 14:03:27,060 [INFO] IPUIPlugin:80 - create IPUIPlugin
2023-11-13 14:03:27,061 [INFO] PluginManager:220 - loadIPPluginJar : add plateformsettings
2023-11-13 14:03:27,077 [INFO] IPUIPlugin:80 - create IPUIPlugin
2023-11-13 14:03:27,077 [INFO] PluginManager:220 - loadIPPluginJar : add quadspi
2023-11-13 14:03:27,086 [INFO] IPUIPlugin:80 - create IPUIPlugin
2023-11-13 14:03:27,086 [INFO] PluginManager:220 - loadIPPluginJar : add resmgrutility
2023-11-13 14:03:27,122 [INFO] IPUIPlugin:80 - create IPUIPlugin
2023-11-13 14:03:27,122 [INFO] PluginManager:220 - loadIPPluginJar : add sai
2023-11-13 14:03:27,149 [INFO] IPUIPlugin:80 - create IPUIPlugin
2023-11-13 14:03:27,150 [INFO] PluginManager:220 - loadIPPluginJar : add spi
2023-11-13 14:03:27,191 [INFO] IPUIPlugin:80 - create IPUIPlugin
2023-11-13 14:03:27,191 [INFO] PluginManager:220 - loadIPPluginJar : add stm32_wpan
2023-11-13 14:03:27,208 [INFO] IPUIPlugin:80 - create IPUIPlugin
2023-11-13 14:03:27,208 [INFO] PluginManager:220 - loadIPPluginJar : add tim
2023-11-13 14:03:27,247 [INFO] IPUIPlugin:80 - create IPUIPlugin
2023-11-13 14:03:27,247 [INFO] PluginManager:220 - loadIPPluginJar : add touchsensing
2023-11-13 14:03:27,263 [INFO] IPUIPlugin:80 - create IPUIPlugin
2023-11-13 14:03:27,263 [INFO] PluginManager:220 - loadIPPluginJar : add tracer_emb
2023-11-13 14:03:27,279 [INFO] IPUIPlugin:80 - create IPUIPlugin
2023-11-13 14:03:27,279 [INFO] PluginManager:220 - loadIPPluginJar : add ts
2023-11-13 14:03:27,293 [INFO] IPUIPlugin:80 - create IPUIPlugin
2023-11-13 14:03:27,294 [INFO] PluginManager:220 - loadIPPluginJar : add tsc
2023-11-13 14:03:27,308 [INFO] IPUIPlugin:80 - create IPUIPlugin
2023-11-13 14:03:27,308 [INFO] PluginManager:220 - loadIPPluginJar : add ucpd
2023-11-13 14:03:27,337 [INFO] IPUIPlugin:80 - create IPUIPlugin
2023-11-13 14:03:27,338 [INFO] PluginManager:220 - loadIPPluginJar : add usart
2023-11-13 14:03:27,367 [INFO] IPUIPlugin:80 - create IPUIPlugin
2023-11-13 14:03:27,367 [INFO] PluginManager:220 - loadIPPluginJar : add usbx
2023-11-13 14:03:27,469 [INFO] CADModel:165 - CPN selected for project level
2023-11-13 14:03:27,469 [INFO] CADModel:114 - Register for checkConnection events
2023-11-13 14:03:27,469 [FATAL] Updater:308 - Updater called before beeing initialized
2023-11-13 14:03:27,469 [ERROR] CADModel:125 - Updater not yet initialized, retry later 
2023-11-13 14:03:27,568 [INFO] CADModel:165 - CPN selected for project level
2023-11-13 14:03:27,568 [INFO] CADModel:114 - Register for checkConnection events
2023-11-13 14:03:27,568 [FATAL] Updater:308 - Updater called before beeing initialized
2023-11-13 14:03:27,568 [ERROR] CADModel:125 - Updater not yet initialized, retry later 
2023-11-13 14:03:27,571 [FATAL] Updater:308 - Updater called before beeing initialized
2023-11-13 14:03:27,637 [FATAL] Updater:308 - Updater called before beeing initialized
2023-11-13 14:03:27,646 [INFO] DbMcusAds:53 - JSON generation date=Tue Mar 07 05:50:55 ART 2023 (1678179055335)
2023-11-13 14:03:27,646 [FATAL] Updater:308 - Updater called before beeing initialized
2023-11-13 14:03:27,681 [WARN] DetailPanel:346 - Failed to get advertising image, set to default
2023-11-13 14:03:27,749 [FATAL] Updater:308 - Updater called before beeing initialized
2023-11-13 14:03:27,750 [FATAL] Updater:308 - Updater called before beeing initialized
2023-11-13 14:03:27,750 [FATAL] Updater:308 - Updater called before beeing initialized
2023-11-13 14:03:27,751 [WARN] DetailPanel:346 - Failed to get advertising image, set to default
2023-11-13 14:03:27,751 [FATAL] Updater:308 - Updater called before beeing initialized
2023-11-13 14:03:27,788 [ERROR] Updater:1120 - MainUpdater not yet initialized. External WinMGr cannot be set.
2023-11-13 14:03:27,796 [INFO] Updater:1056 - Updater Version found : 6.9.2
2023-11-13 14:03:27,813 [INFO] ApplicationProperties:184 - Using Application install path: C:\ST\STM32CubeIDE_1.13.1\STM32CubeIDE\plugins\com.st.stm32cube.common.mx_6.9.2.202309101412
2023-11-13 14:03:28,687 [INFO] ThirdPartyUpdaterWithRetryManager:70 - Updater plugin not ready yet. [2/15]
2023-11-13 14:03:29,397 [INFO] MainUpdater:2868 - connection check result : 10
2023-11-13 14:03:29,397 [INFO] MainUpdater:285 - Updater Check For Update Now.
2023-11-13 14:03:29,398 [INFO] MicroXplorer:498 - Change Database Version : DB.6.0.92
2023-11-13 14:03:29,410 [INFO] McuFinderGlobals:63 - Set McuFinder mode to 2 (CubeIDE integrated)
2023-11-13 14:03:29,561 [INFO] CheckServerUpdateThread:120 - End of CheckServer Thread
2023-11-13 14:03:31,796 [WARN] PackLoader:240 - Cannot read IP mode file for STMicroelectronics.X-CUBE-SMBUS.2.1.0
2023-11-13 14:03:31,826 [WARN] PackLoader:240 - Cannot read IP mode file for STMicroelectronics.X-CUBE-AZRTOS-F7.1.1.0
2023-11-13 14:03:31,839 [WARN] PackLoader:240 - Cannot read IP mode file for STMicroelectronics.FP-SNS-MOTENV1.4.3.2
2023-11-13 14:03:31,853 [WARN] PackLoader:240 - Cannot read IP mode file for STMicroelectronics.X-CUBE-BLE1.6.2.4
2023-11-13 14:03:31,862 [WARN] PackLoader:240 - Cannot read IP mode file for STMicroelectronics.FP-SNS-FLIGHT1.5.0.2
2023-11-13 14:03:31,874 [WARN] PackLoader:240 - Cannot read IP mode file for STMicroelectronics.X-CUBE-DISPLAY.3.0.0
2023-11-13 14:03:31,887 [WARN] PackLoader:240 - Cannot read IP mode file for STMicroelectronics.X-CUBE-BLE1.7.0.0
2023-11-13 14:03:31,896 [WARN] PackLoader:240 - Cannot read IP mode file for emotas.I-CUBE-CANOPEN.1.3.0
2023-11-13 14:03:31,905 [WARN] PackLoader:240 - Cannot read IP mode file for STMicroelectronics.X-CUBE-TOUCHGFX.4.22.0
2023-11-13 14:03:31,912 [WARN] PackLoader:240 - Cannot read IP mode file for STMicroelectronics.X-CUBE-TOUCHGFX.4.22.1
2023-11-13 14:03:31,920 [WARN] PackLoader:240 - Cannot read IP mode file for STMicroelectronics.FP-SNS-SMARTAG2.1.2.0
2023-11-13 14:03:31,935 [INFO] LogOutputStream:77 - [STDOUT_REDIRECT] 1 : Invalid condition id : UX_CORESTACK_Condition cause : null
2023-11-13 14:03:31,935 [INFO] LogOutputStream:77 - [STDOUT_REDIRECT] 1 : Invalid condition id : UX_CORESTACK_Condition cause : null
2023-11-13 14:03:31,936 [INFO] LogOutputStream:77 - [STDOUT_REDIRECT] 1 : Invalid condition id : UX_CORESTACK_Condition cause : null
2023-11-13 14:03:31,937 [INFO] LogOutputStream:77 - [STDOUT_REDIRECT] 1 : Invalid condition id : UX_CORESTACK_Condition cause : null
2023-11-13 14:03:31,937 [INFO] LogOutputStream:77 - [STDOUT_REDIRECT] 1 : Invalid condition id : UX_CORESTACK_Condition cause : null
2023-11-13 14:03:31,939 [WARN] PackLoader:240 - Cannot read IP mode file for STMicroelectronics.X-CUBE-AZRTOS-WL.2.0.0
2023-11-13 14:03:31,950 [WARN] PackLoader:240 - Cannot read IP mode file for WES.I-CUBE-Cesium.1.3.0
2023-11-13 14:03:31,959 [WARN] PackLoader:240 - Cannot read IP mode file for STMicroelectronics.X-CUBE-BLE2.3.3.0
2023-11-13 14:03:31,968 [WARN] PackLoader:240 - Cannot read IP mode file for STMicroelectronics.X-CUBE-ALGOBUILD.1.3.0
2023-11-13 14:03:31,997 [WARN] PackLoader:240 - Cannot read IP mode file for STMicroelectronics.X-CUBE-AZRTOS-G0.1.1.0
2023-11-13 14:03:32,009 [WARN] PackLoader:240 - Cannot read IP mode file for STMicroelectronics.X-CUBE-NFC4.3.0.0
2023-11-13 14:03:32,019 [WARN] PackLoader:240 - Cannot read IP mode file for STMicroelectronics.FP-ATR-SIGFOX1.3.2.0
2023-11-13 14:03:32,045 [WARN] PackLoader:240 - Cannot read IP mode file for SEGGER.I-CUBE-embOS.1.3.1
2023-11-13 14:03:32,077 [WARN] PackLoader:240 - Cannot read IP mode file for STMicroelectronics.X-CUBE-GNSS1.6.0.0
2023-11-13 14:03:32,100 [WARN] PackLoader:240 - Cannot read IP mode file for STMicroelectronics.X-CUBE-AZRTOS-F4.1.1.0
2023-11-13 14:03:32,111 [WARN] PackLoader:240 - Cannot read IP mode file for wolfSSL.I-CUBE-wolfSSL.5.6.3
2023-11-13 14:03:32,132 [WARN] PackLoader:240 - Cannot read IP mode file for STMicroelectronics.X-CUBE-AZRTOS-L5.2.0.0
2023-11-13 14:03:32,168 [WARN] PackLoader:240 - Cannot read IP mode file for STMicroelectronics.X-CUBE-MEMS1.9.6.0
2023-11-13 14:03:32,270 [WARN] PackLoader:240 - Cannot read IP mode file for ITTIA_DB.I-CUBE-ITTIADB.8.8.0
2023-11-13 14:03:32,283 [WARN] PackLoader:240 - Cannot read IP mode file for STMicroelectronics.X-CUBE-BLEMGR.2.0.0
2023-11-13 14:03:32,306 [WARN] ConditionMgr:438 - getConditionDescription Invalid condition id : UX DEVICE CLASS RTOS Condition cause : null
2023-11-13 14:03:32,306 [WARN] ConditionMgr:438 - getConditionDescription Invalid condition id : UX DEVICE CLASS RTOS Condition cause : null
2023-11-13 14:03:32,308 [WARN] PackLoader:240 - Cannot read IP mode file for STMicroelectronics.X-CUBE-AZRTOS-H7.3.1.0
2023-11-13 14:03:32,309 [WARN] ConditionMgr:1039 - genDependencies : Invalid condition id : UX DEVICE CLASS RTOS Condition cause : null
2023-11-13 14:03:32,309 [WARN] ConditionMgr:1039 - genDependencies : Invalid condition id : UX DEVICE CLASS RTOS Condition cause : null
2023-11-13 14:03:32,309 [WARN] ConditionMgr:1039 - genDependencies : Invalid condition id : UX DEVICE CLASS RTOS Condition cause : null
2023-11-13 14:03:32,309 [WARN] ConditionMgr:1039 - genDependencies : Invalid condition id : UX DEVICE CLASS RTOS Condition cause : null
2023-11-13 14:03:32,309 [WARN] ConditionMgr:1039 - genDependencies : Invalid condition id : UX DEVICE CLASS RTOS Condition cause : null
2023-11-13 14:03:32,320 [WARN] PackLoader:240 - Cannot read IP mode file for STMicroelectronics.X-CUBE-NFC7.1.0.1
2023-11-13 14:03:32,332 [WARN] PackLoader:240 - Cannot read IP mode file for STMicroelectronics.X-CUBE-NFC6.3.0.0
2023-11-13 14:03:32,343 [WARN] PackLoader:240 - Cannot read IP mode file for STMicroelectronics.X-CUBE-EEPRMA1.4.1.0
2023-11-13 14:03:32,353 [WARN] PackLoader:240 - Cannot read IP mode file for STMicroelectronics.X-CUBE-AI.8.1.0
2023-11-13 14:03:32,379 [WARN] ConditionMgr:438 - getConditionDescription Invalid condition id : LAN8742 Phy interface Condition cause : null
2023-11-13 14:03:32,380 [WARN] PackLoader:240 - Cannot read IP mode file for STMicroelectronics.X-CUBE-AZRTOS-L4.2.0.0
2023-11-13 14:03:32,381 [WARN] ConditionMgr:1039 - genDependencies : Invalid condition id : LAN8742 Phy interface Condition cause : null
2023-11-13 14:03:32,381 [WARN] ConditionMgr:1039 - genDependencies : Invalid condition id : LAN8742 Phy interface Condition cause : null
2023-11-13 14:03:32,382 [WARN] ConditionMgr:1039 - genDependencies : Invalid condition id : LAN8742 Phy interface Condition cause : null
2023-11-13 14:03:32,397 [WARN] PackLoader:240 - Cannot read IP mode file for STMicroelectronics.X-CUBE-SFXS2LP1.4.0.0
2023-11-13 14:03:32,409 [WARN] PackLoader:240 - Cannot read IP mode file for STMicroelectronics.X-CUBE-ISPU.1.1.0
2023-11-13 14:03:32,437 [WARN] ConditionMgr:438 - getConditionDescription Invalid condition id : UX DEVICE CLASS RTOS Condition cause : null
2023-11-13 14:03:32,437 [WARN] ConditionMgr:438 - getConditionDescription Invalid condition id : UX DEVICE CLASS RTOS Condition cause : null
2023-11-13 14:03:32,439 [WARN] PackLoader:240 - Cannot read IP mode file for STMicroelectronics.X-CUBE-AZRTOS-WB.2.0.0
2023-11-13 14:03:32,439 [WARN] ConditionMgr:1039 - genDependencies : Invalid condition id : UX DEVICE CLASS RTOS Condition cause : null
2023-11-13 14:03:32,439 [WARN] ConditionMgr:1039 - genDependencies : Invalid condition id : UX DEVICE CLASS RTOS Condition cause : null
2023-11-13 14:03:32,440 [WARN] ConditionMgr:1039 - genDependencies : Invalid condition id : UX DEVICE CLASS RTOS Condition cause : null
2023-11-13 14:03:32,440 [WARN] ConditionMgr:1039 - genDependencies : Invalid condition id : UX DEVICE CLASS RTOS Condition cause : null
2023-11-13 14:03:32,440 [WARN] ConditionMgr:1039 - genDependencies : Invalid condition id : UX DEVICE CLASS RTOS Condition cause : null
2023-11-13 14:03:32,453 [WARN] PackLoader:240 - Cannot read IP mode file for STMicroelectronics.X-CUBE-FREERTOS.1.0.1
2023-11-13 14:03:32,476 [WARN] PackLoader:240 - Cannot read IP mode file for STMicroelectronics.X-CUBE-AZRTOS-L5.1.1.0
2023-11-13 14:03:32,494 [WARN] PackLoader:240 - Cannot read IP mode file for STMicroelectronics.X-CUBE-SUBG2.5.0.0
2023-11-13 14:03:32,513 [WARN] PackLoader:240 - Cannot read IP mode file for STMicroelectronics.X-CUBE-TOF1.3.3.1
2023-11-13 14:03:32,541 [WARN] PackLoader:240 - Cannot read IP mode file for STMicroelectronics.X-CUBE-AZRTOS-G4.2.0.0
2023-11-13 14:03:32,561 [WARN] PackLoader:240 - Cannot read IP mode file for Infineon.AIROC-Wi-Fi-Bluetooth-STM32.1.5.1
2023-11-13 14:03:32,573 [WARN] PackLoader:240 - Cannot read IP mode file for STMicroelectronics.X-CUBE-FREERTOS.1.1.0
2023-11-13 14:03:32,585 [WARN] PackLoader:240 - Cannot read IP mode file for portGmbH.I-Cube-SoM-uGOAL.1.1.0
2023-11-13 14:03:32,598 [WARN] PackLoader:240 - Cannot read IP mode file for STMicroelectronics.X-CUBE-ALS.1.0.1
2023-11-13 14:03:32,617 [WARN] PackLoader:240 - Cannot read IP mode file for STMicroelectronics.X-CUBE-AZRTOS-WB.1.1.0
2023-11-13 14:03:32,628 [WARN] PackLoader:240 - Cannot read IP mode file for STMicroelectronics.FP-ATR-ASTRA1.2.0.0
2023-11-13 14:03:32,628 [INFO] ThirdParty:978 - Integrity check success = true
2023-11-13 14:03:32,628 [INFO] IntegrityCheckThread:100 - exiting critical section [integrity check]
2023-11-13 14:03:32,629 [INFO] IntegrityCheckThread:103 - End integrity checks thread
2023-11-13 14:03:39,648 [ERROR] LogOutputStream:75 - [STDERR_REDIRECT] SLF4J: Failed to load class "org.slf4j.impl.StaticLoggerBinder".
2023-11-13 14:03:39,649 [ERROR] LogOutputStream:75 - [STDERR_REDIRECT] SLF4J: Defaulting to no-operation (NOP) logger implementation
2023-11-13 14:03:39,650 [ERROR] LogOutputStream:75 - [STDERR_REDIRECT] SLF4J: See http://www.slf4j.org/codes.html#StaticLoggerBinder for further details.
